# JRE version: OpenJDK Runtime Environment (11.0.10) (build 11.0.10+0-b96-7249189)
# Java VM: OpenJDK 64-Bit Server VM (11.0.10+0-b96-7249189, mixed mode, tiered, compressed oops, g1 gc, windows-amd64)
Heap:
 garbage-first heap   total 189440K, used 125404K [0x0000000080000000, 0x0000000100000000)
  region size 1024K, 14 young (14336K), 6 survivors (6144K)
 Metaspace       used 120348K, capacity 123061K, committed 123340K, reserved 1157120K
  class space    used 14681K, capacity 15663K, committed 15820K, reserved 1048576K
GC Heap History (20 events):
Event: 3674.264 GC heap before
{Heap before GC invocations=48 (full 0):
 garbage-first heap   total 189440K, used 154351K [0x0000000080000000, 0x0000000100000000)
  region size 1024K, 28 young (28672K), 1 survivors (1024K)
 Metaspace       used 112572K, capacity 115253K, committed 115788K, reserved 1150976K
  class space    used 13967K, capacity 14958K, committed 15180K, reserved 1048576K
}
Event: 3674.267 GC heap after
{Heap after GC invocations=49 (full 0):
 garbage-first heap   total 189440K, used 126276K [0x0000000080000000, 0x0000000100000000)
  region size 1024K, 1 young (1024K), 1 survivors (1024K)
 Metaspace       used 112572K, capacity 115253K, committed 115788K, reserved 1150976K
  class space    used 13967K, capacity 14958K, committed 15180K, reserved 1048576K
}
Event: 3675.423 GC heap before
{Heap before GC invocations=50 (full 0):
 garbage-first heap   total 189440K, used 171332K [0x0000000080000000, 0x0000000100000000)
  region size 1024K, 30 young (30720K), 1 survivors (1024K)
 Metaspace       used 112809K, capacity 115498K, committed 116044K, reserved 1150976K
  class space    used 13984K, capacity 14968K, committed 15180K, reserved 1048576K
}
Event: 3675.428 GC heap after
{Heap after GC invocations=51 (full 0):
 garbage-first heap   total 189440K, used 126553K [0x0000000080000000, 0x0000000100000000)
  region size 1024K, 1 young (1024K), 1 survivors (1024K)
 Metaspace       used 112809K, capacity 115498K, committed 116044K, reserved 1150976K
  class space    used 13984K, capacity 14968K, committed 15180K, reserved 1048576K
}
Event: 3675.763 GC heap before
{Heap before GC invocations=51 (full 0):
 garbage-first heap   total 189440K, used 133721K [0x0000000080000000, 0x0000000100000000)
  region size 1024K, 9 young (9216K), 1 survivors (1024K)
 Metaspace       used 112929K, capacity 115653K, committed 116044K, reserved 1150976K
  class space    used 13993K, capacity 14973K, committed 15180K, reserved 1048576K
}
Event: 3675.810 GC heap after
{Heap after GC invocations=52 (full 0):
 garbage-first heap   total 189440K, used 127263K [0x0000000080000000, 0x0000000100000000)
  region size 1024K, 2 young (2048K), 2 survivors (2048K)
 Metaspace       used 112929K, capacity 115653K, committed 116044K, reserved 1150976K
  class space    used 13993K, capacity 14973K, committed 15180K, reserved 1048576K
}
Event: 3677.467 GC heap before
{Heap before GC invocations=52 (full 0):
 garbage-first heap   total 189440K, used 156959K [0x0000000080000000, 0x0000000100000000)
  region size 1024K, 32 young (32768K), 2 survivors (2048K)
 Metaspace       used 116041K, capacity 118726K, committed 119372K, reserved 1153024K
  class space    used 14229K, capacity 15199K, committed 15436K, reserved 1048576K
}
Event: 3677.478 GC heap after
{Heap after GC invocations=53 (full 0):
 garbage-first heap   total 189440K, used 130868K [0x0000000080000000, 0x0000000100000000)
  region size 1024K, 4 young (4096K), 4 survivors (4096K)
 Metaspace       used 116041K, capacity 118726K, committed 119372K, reserved 1153024K
  class space    used 14229K, capacity 15199K, committed 15436K, reserved 1048576K
}
Event: 3678.488 GC heap before
{Heap before GC invocations=53 (full 0):
 garbage-first heap   total 189440K, used 158516K [0x0000000080000000, 0x0000000100000000)
  region size 1024K, 32 young (32768K), 4 survivors (4096K)
 Metaspace       used 116434K, capacity 119078K, committed 119628K, reserved 1153024K
  class space    used 14253K, capacity 15231K, committed 15436K, reserved 1048576K
}
Event: 3678.503 GC heap after
{Heap after GC invocations=54 (full 0):
 garbage-first heap   total 189440K, used 135259K [0x0000000080000000, 0x0000000100000000)
  region size 1024K, 4 young (4096K), 4 survivors (4096K)
 Metaspace       used 116434K, capacity 119078K, committed 119628K, reserved 1153024K
  class space    used 14253K, capacity 15231K, committed 15436K, reserved 1048576K
}
Event: 3679.747 GC heap before
{Heap before GC invocations=54 (full 0):
 garbage-first heap   total 189440K, used 159835K [0x0000000080000000, 0x0000000100000000)
  region size 1024K, 28 young (28672K), 4 survivors (4096K)
 Metaspace       used 116491K, capacity 119206K, committed 119628K, reserved 1153024K
  class space    used 14254K, capacity 15231K, committed 15436K, reserved 1048576K
}
Event: 3679.753 GC heap after
{Heap after GC invocations=55 (full 0):
 garbage-first heap   total 189440K, used 133782K [0x0000000080000000, 0x0000000100000000)
  region size 1024K, 1 young (1024K), 1 survivors (1024K)
 Metaspace       used 116491K, capacity 119206K, committed 119628K, reserved 1153024K
  class space    used 14254K, capacity 15231K, committed 15436K, reserved 1048576K
}
Event: 3683.274 GC heap before
{Heap before GC invocations=56 (full 0):
 garbage-first heap   total 189440K, used 147094K [0x0000000080000000, 0x0000000100000000)
  region size 1024K, 28 young (28672K), 1 survivors (1024K)
 Metaspace       used 117904K, capacity 120610K, committed 121036K, reserved 1155072K
  class space    used 14396K, capacity 15375K, committed 15564K, reserved 1048576K
}
Event: 3683.278 GC heap after
{Heap after GC invocations=57 (full 0):
 garbage-first heap   total 189440K, used 120115K [0x0000000080000000, 0x0000000100000000)
  region size 1024K, 1 young (1024K), 1 survivors (1024K)
 Metaspace       used 117904K, capacity 120610K, committed 121036K, reserved 1155072K
  class space    used 14396K, capacity 15375K, committed 15564K, reserved 1048576K
}
Event: 3683.789 GC heap before
{Heap before GC invocations=57 (full 0):
 garbage-first heap   total 189440K, used 128307K [0x0000000080000000, 0x0000000100000000)
  region size 1024K, 9 young (9216K), 1 survivors (1024K)
 Metaspace       used 118053K, capacity 120683K, committed 121036K, reserved 1155072K
  class space    used 14399K, capacity 15375K, committed 15564K, reserved 1048576K
}
Event: 3683.809 GC heap after
{Heap after GC invocations=58 (full 0):
 garbage-first heap   total 189440K, used 110818K [0x0000000080000000, 0x0000000100000000)
  region size 1024K, 2 young (2048K), 2 survivors (2048K)
 Metaspace       used 118053K, capacity 120683K, committed 121036K, reserved 1155072K
  class space    used 14399K, capacity 15375K, committed 15564K, reserved 1048576K
}
Event: 3688.495 GC heap before
{Heap before GC invocations=58 (full 0):
 garbage-first heap   total 189440K, used 149730K [0x0000000080000000, 0x0000000100000000)
  region size 1024K, 41 young (41984K), 2 survivors (2048K)
 Metaspace       used 118705K, capacity 121421K, committed 121804K, reserved 1155072K
  class space    used 14462K, capacity 15459K, committed 15564K, reserved 1048576K
}
Event: 3688.507 GC heap after
{Heap after GC invocations=59 (full 0):
 garbage-first heap   total 189440K, used 112441K [0x0000000080000000, 0x0000000100000000)
  region size 1024K, 4 young (4096K), 4 survivors (4096K)
 Metaspace       used 118705K, capacity 121421K, committed 121804K, reserved 1155072K
  class space    used 14462K, capacity 15459K, committed 15564K, reserved 1048576K
}
Event: 3689.940 GC heap before
{Heap before GC invocations=59 (full 0):
 garbage-first heap   total 189440K, used 151353K [0x0000000080000000, 0x0000000100000000)
  region size 1024K, 43 young (44032K), 4 survivors (4096K)
 Metaspace       used 119588K, capacity 122318K, committed 122444K, reserved 1157120K
  class space    used 14586K, capacity 15585K, committed 15692K, reserved 1048576K
}
Event: 3689.952 GC heap after
{Heap after GC invocations=60 (full 0):
 garbage-first heap   total 189440K, used 118236K [0x0000000080000000, 0x0000000100000000)
  region size 1024K, 6 young (6144K), 6 survivors (6144K)
 Metaspace       used 119588K, capacity 122318K, committed 122444K, reserved 1157120K
  class space    used 14586K, capacity 15585K, committed 15692K, reserved 1048576K
}

